#
# A fatal error has been detected by the Java Runtime Environment:
#
#  SIGSEGV (0xb) at pc=0x00007f796fb9808b, pid=3513, tid=3529
#
# JRE version: OpenJDK Runtime Environment (11.0.15+10) (build 11.0.15+10-Ubuntu-0ubuntu0.22.04.1)
# Java VM: OpenJDK 64-Bit Server VM (11.0.15+10-Ubuntu-0ubuntu0.22.04.1, mixed mode, sharing, tiered, compressed oops, g1 gc, linux-amd64)
# Problematic frame:
# C  [libjimage.so+0x308b]
#
# Core dump will be written. Default location: Core dumps may be processed with "/usr/share/apport/apport -p%p -s%s -c%c -d%d -P%P -u%u -g%g -- %E" (or dumping to /home/alan/eclipse-workspace/AdHome/core.3513)
#
# If you would like to submit a bug report, please visit:
#   Unknown
#

---------------  S U M M A R Y ------------

Command Line: -agentlib:jdwp=transport=dt_socket,suspend=y,address=localhost:36231 -javaagent:/home/alan/eclipse/java-2022-03/eclipse/configuration/org.eclipse.osgi/217/0/.cp/lib/javaagent-shaded.jar -Dfile.encoding=UTF-8 com.br.AdHome.AdHome.AdHomeApplication

Host: Intel(R) Core(TM)2 Duo CPU     T6500  @ 2.10GHz, 2 cores, 3G, Ubuntu 22.04 LTS
Time: Wed Jul 27 07:08:50 2022 -03 elapsed time: 4103.814639 seconds (0d 1h 8m 23s)

---------------  T H R E A D  ---------------

Current thread (0x00007f7968129000):  JavaThread "Signal Dispatcher" daemon [_thread_in_vm, id=3529, stack(0x00007f7948001000,0x00007f7948101000)]

Stack: [0x00007f7948001000,0x00007f7948101000],  sp=0x00007f79480fe090,  free space=1012k
Native frames: (J=compiled Java code, A=aot compiled Java code, j=interpreted, Vv=VM code, C=native code)
C  [libjimage.so+0x308b]
C  [libjimage.so+0x3e22]
C  [libjimage.so+0x4322]  JIMAGE_FindResource+0xf2
V  [libjvm.so+0x5bb778]
V  [libjvm.so+0x5bdd6f]
V  [libjvm.so+0xdfc061]
V  [libjvm.so+0xdfabea]
V  [libjvm.so+0xdfd2ab]
V  [libjvm.so+0x66e139]
V  [libjvm.so+0x862266]
j  jdk.internal.misc.Signal.dispatch(I)V+25 java.base@11.0.15
v  ~StubRoutines::call_stub
V  [libjvm.so+0x86b6b3]
V  [libjvm.so+0x86a6a2]
V  [libjvm.so+0xbdb97c]
V  [libjvm.so+0xe323f1]
V  [libjvm.so+0xe2f940]
V  [libjvm.so+0xbedaf6]

Java frames: (J=compiled Java code, j=interpreted, Vv=VM code)
j  jdk.internal.misc.Signal.dispatch(I)V+25 java.base@11.0.15
v  ~StubRoutines::call_stub

siginfo: si_signo: 11 (SIGSEGV), si_code: 1 (SEGV_MAPERR), si_addr: 0x00007f795f825e18

Register to memory mapping:

RAX=0x00007f796fb9cb40: <offset 0x0000000000007b40> in /usr/lib/jvm/java-11-openjdk-amd64/lib/libjimage.so at 0x00007f796fb95000
RBX=0x00007f79480fe141 is pointing into the stack for thread: 0x00007f7968129000
RCX=0x00007f79480fe163 is pointing into the stack for thread: 0x00007f7968129000
RDX=0x0000000000001f7f is an unknown value
RSP=0x00007f79480fe090 is pointing into the stack for thread: 0x00007f7968129000
RBP=0x00007f79480fe0b0 is pointing into the stack for thread: 0x00007f7968129000
RSI=0x00007f795f81e01c is an unknown value
RDI=0x00007f796fb9d030: <offset 0x0000000000008030> in /usr/lib/jvm/java-11-openjdk-amd64/lib/libjimage.so at 0x00007f796fb95000
R8 =0x000000000000aaab is an unknown value
R9 =0x65746e692f6b646a is an unknown value
R10=0x73696d2f6c616e72 is an unknown value
R11=0x6c616e6769532f63 is an unknown value
R12=0x000000000000848b is an unknown value
R13=0x00007f79480fe140 is pointing into the stack for thread: 0x00007f7968129000
R14=0x0 is NULL
R15=0x00007f79681297e0 points into unknown readable memory: 0x65746e692f6b646a | 6a 64 6b 2f 69 6e 74 65


Registers:
RAX=0x00007f796fb9cb40, RBX=0x00007f79480fe141, RCX=0x00007f79480fe163, RDX=0x0000000000001f7f
RSP=0x00007f79480fe090, RBP=0x00007f79480fe0b0, RSI=0x00007f795f81e01c, RDI=0x00007f796fb9d030
R8 =0x000000000000aaab, R9 =0x65746e692f6b646a, R10=0x73696d2f6c616e72, R11=0x6c616e6769532f63
R12=0x000000000000848b, R13=0x00007f79480fe140, R14=0x0000000000000000, R15=0x00007f79681297e0
RIP=0x00007f796fb9808b, EFLAGS=0x0000000000010246, CSGSFS=0x002b000000000033, ERR=0x0000000000000004
  TRAPNO=0x000000000000000e

Top of Stack: (sp=0x00007f79480fe090)
0x00007f79480fe090:   0000000000000000 00007f79480ff1f8
0x00007f79480fe0a0:   00007f7968026630 00007f79480fe140
0x00007f79480fe0b0:   00007f79480fe120 00007f796fb98e22
0x00007f79480fe0c0:   0000000000000000 0000000000000000 

Instructions: (pc=0x00007f796fb9808b)
0x00007f796fb97f8b:   4d 85 e4 74 08 4c 89 e7 e8 68 f3 ff ff 44 03 75
0x00007f796fb97f9b:   90 e9 48 fe ff ff 0f 1f 80 00 00 00 00 41 8b 55
0x00007f796fb97fab:   00 41 89 16 41 8b 54 05 fc 41 89 54 06 fc e9 8f
0x00007f796fb97fbb:   fc ff ff 66 90 b9 0a 00 00 00 e9 00 fd ff ff 41
0x00007f796fb97fcb:   0f b7 54 05 fe 66 41 89 54 06 fe e9 72 fc ff ff
0x00007f796fb97fdb:   0f 1f 44 00 00 f3 0f 1e fa 0f b6 17 89 f0 89 f1
0x00007f796fb97feb:   4c 8d 47 01 84 d2 74 1c 0f 1f 44 00 00 69 c9 93
0x00007f796fb97ffb:   01 00 01 49 83 c0 01 31 d1 41 0f b6 50 ff 84 d2
0x00007f796fb9800b:   75 eb 89 c8 25 ff ff ff 7f c3 90 66 2e 0f 1f 84
0x00007f796fb9801b:   00 00 00 00 00 f3 0f 1e fa 48 85 d2 0f 84 da 00
0x00007f796fb9802b:   00 00 55 48 89 e5 41 55 41 54 41 89 cc 53 48 83
0x00007f796fb9803b:   ec 08 85 c9 0f 84 ba 00 00 00 49 89 f5 48 89 d6
0x00007f796fb9804b:   41 0f b6 55 00 49 8d 5d 01 84 d2 0f 84 9c 00 00
0x00007f796fb9805b:   00 48 89 d9 b8 93 01 00 01 0f 1f 40 00 69 c0 93
0x00007f796fb9806b:   01 00 01 48 83 c1 01 31 d0 0f b6 51 ff 84 d2 75
0x00007f796fb9807b:   ec 25 ff ff ff 7f 31 d2 41 f7 f4 48 8b 07 89 d2
0x00007f796fb9808b:   8b 34 96 ff 50 20 85 c0 7f 1b 74 68 f7 d0 41 89
0x00007f796fb9809b:   c0 48 83 c4 08 44 89 c0 5b 41 5c 41 5d 5d c3 66
0x00007f796fb980ab:   0f 1f 44 00 00 41 0f b6 4d 00 89 c6 84 c9 74 1b
0x00007f796fb980bb:   0f 1f 44 00 00 69 f6 93 01 00 01 48 83 c3 01 31
0x00007f796fb980cb:   ce 0f b6 4b ff 84 c9 75 ec 89 f0 25 ff ff ff 7f
0x00007f796fb980db:   31 d2 48 83 c4 08 41 f7 f4 5b 41 5c 41 5d 5d 41
0x00007f796fb980eb:   89 d0 44 89 c0 c3 0f 1f 80 00 00 00 00 b8 93 01
0x00007f796fb980fb:   00 01 eb 82 41 b8 ff ff ff ff eb 95 83 c8 ff c3
0x00007f796fb9810b:   90 0f 1f 40 00 f3 0f 1e fa eb 1d 66 2e 0f 1f 84
0x00007f796fb9811b:   00 00 00 00 00 0f b6 16 84 d2 74 13 38 c2 75 15
0x00007f796fb9812b:   48 83 c7 01 48 83 c6 01 0f b6 07 84 c0 75 e6 48
0x00007f796fb9813b:   89 f8 c3 66 90 31 c0 c3 90 66 66 2e 0f 1f 84 00
0x00007f796fb9814b:   00 00 00 00 90 f3 0f 1e fa 49 89 f9 49 89 f2 48
0x00007f796fb9815b:   85 f6 74 5c 41 0f b6 02 84 c0 74 53 66 0f 1f 84
0x00007f796fb9816b:   00 00 00 00 00 89 c7 41 89 c0 49 8d 52 01 83 e0
0x00007f796fb9817b:   07 40 c0 ef 03 49 8d 74 02 02 41 83 e0 07 31 c0 


Stack slot to memory mapping:
stack at sp + 0 slots: 0x0 is NULL
stack at sp + 1 slots: 0x00007f79480ff1f8 is pointing into the stack for thread: 0x00007f7968129000
stack at sp + 2 slots: 0x00007f7968026630 points into unknown readable memory: 0x000055e0bc09aa16 | 16 aa 09 bc e0 55 00 00
stack at sp + 3 slots: 0x00007f79480fe140 is pointing into the stack for thread: 0x00007f7968129000
stack at sp + 4 slots: 0x00007f79480fe120 is pointing into the stack for thread: 0x00007f7968129000
stack at sp + 5 slots: 0x00007f796fb98e22: <offset 0x0000000000003e22> in /usr/lib/jvm/java-11-openjdk-amd64/lib/libjimage.so at 0x00007f796fb95000
stack at sp + 6 slots: 0x0 is NULL
stack at sp + 7 slots: 0x0 is NULL


---------------  P R O C E S S  ---------------

Threads class SMR info:
_java_thread_list=0x00007f7910008b90, length=30, elements={
0x00007f7968121800, 0x00007f7968123800, 0x00007f7968129000, 0x00007f796812b000,
0x00007f796812d000, 0x00007f796812f000, 0x00007f7968131000, 0x00007f796813e800,
0x00007f7968192000, 0x00007f7968196000, 0x00007f79258bc000, 0x00007f7968018800,
0x00007f793863a800, 0x00007f7914031800, 0x00007f79140d8800, 0x00007f7914249800,
0x00007f79140d2000, 0x00007f79140ed000, 0x00007f79140e1000, 0x00007f79140ea000,
0x00007f79140eb000, 0x00007f79140b7800, 0x00007f79140b9000, 0x00007f79140ba800,
0x00007f79140bc000, 0x00007f79140bd800, 0x00007f79140bf000, 0x00007f79140c0800,
0x00007f79140c5800, 0x00007f79140c7000
}

Java Threads: ( => current thread )
  0x00007f7968121800 JavaThread "Reference Handler" daemon [_thread_blocked, id=3527, stack(0x00007f7948fe8000,0x00007f79490e8000)]
  0x00007f7968123800 JavaThread "Finalizer" daemon [_thread_blocked, id=3528, stack(0x00007f7948ee8000,0x00007f7948fe8000)]
=>0x00007f7968129000 JavaThread "Signal Dispatcher" daemon [_thread_in_vm, id=3529, stack(0x00007f7948001000,0x00007f7948101000)]
  0x00007f796812b000 JavaThread "Service Thread" daemon [_thread_blocked, id=3530, stack(0x00007f792bf00000,0x00007f792c000000)]
  0x00007f796812d000 JavaThread "C2 CompilerThread0" daemon [_thread_blocked, id=3531, stack(0x00007f792be00000,0x00007f792bf00000)]
  0x00007f796812f000 JavaThread "C1 CompilerThread0" daemon [_thread_blocked, id=3532, stack(0x00007f792bd00000,0x00007f792be00000)]
  0x00007f7968131000 JavaThread "Sweeper thread" daemon [_thread_blocked, id=3533, stack(0x00007f792bc00000,0x00007f792bd00000)]
  0x00007f796813e800 JavaThread "Common-Cleaner" daemon [_thread_blocked, id=3534, stack(0x00007f792bb00000,0x00007f792bc00000)]
  0x00007f7968192000 JavaThread "JDWP Transport Listener: dt_socket" daemon [_thread_in_native, id=3536, stack(0x00007f792ba00000,0x00007f792bb00000)]
  0x00007f7968196000 JavaThread "JDWP Event Helper Thread" daemon [_thread_blocked, id=3537, stack(0x00007f792b900000,0x00007f792ba00000)]
  0x00007f79258bc000 JavaThread "Live Reload Server" daemon [_thread_in_native, id=3572, stack(0x00007f79280e6000,0x00007f79281e6000)]
  0x00007f7968018800 JavaThread "DestroyJavaVM" [_thread_blocked, id=3515, stack(0x00007f796e256000,0x00007f796e356000)]
  0x00007f793863a800 JavaThread "File Watcher" daemon [_thread_blocked, id=8701, stack(0x00007f790f300000,0x00007f790f400000)]
  0x00007f7914031800 JavaThread "Catalina-utility-1" [_thread_blocked, id=8705, stack(0x00007f790f700000,0x00007f790f800000)]
  0x00007f79140d8800 JavaThread "Catalina-utility-2" [_thread_blocked, id=8706, stack(0x00007f792b0a2000,0x00007f792b1a2000)]
  0x00007f7914249800 JavaThread "container-1" [_thread_blocked, id=8707, stack(0x00007f792a7a2000,0x00007f792a8a2000)]
  0x00007f79140d2000 JavaThread "HikariPool-4 housekeeper" daemon [_thread_blocked, id=8709, stack(0x00007f7929a70000,0x00007f7929b70000)]
  0x00007f79140ed000 JavaThread "File Watcher" daemon [_thread_blocked, id=8723, stack(0x00007f790fc00000,0x00007f790fd00000)]
  0x00007f79140e1000 JavaThread "http-nio-8080-exec-1" daemon [_thread_blocked, id=8724, stack(0x00007f792b3a2000,0x00007f792b4a2000)]
  0x00007f79140ea000 JavaThread "http-nio-8080-exec-2" daemon [_thread_blocked, id=8725, stack(0x00007f790e700000,0x00007f790e800000)]
  0x00007f79140eb000 JavaThread "http-nio-8080-exec-3" daemon [_thread_blocked, id=8726, stack(0x00007f7928e70000,0x00007f7928f70000)]
  0x00007f79140b7800 JavaThread "http-nio-8080-exec-4" daemon [_thread_blocked, id=8727, stack(0x00007f790fb00000,0x00007f790fc00000)]
  0x00007f79140b9000 JavaThread "http-nio-8080-exec-5" daemon [_thread_blocked, id=8728, stack(0x00007f790f600000,0x00007f790f700000)]
  0x00007f79140ba800 JavaThread "http-nio-8080-exec-6" daemon [_thread_blocked, id=8729, stack(0x00007f790f400000,0x00007f790f500000)]
  0x00007f79140bc000 JavaThread "http-nio-8080-exec-7" daemon [_thread_blocked, id=8730, stack(0x00007f790fd00000,0x00007f790fe00000)]
  0x00007f79140bd800 JavaThread "http-nio-8080-exec-8" daemon [_thread_blocked, id=8731, stack(0x00007f790f800000,0x00007f790f900000)]
  0x00007f79140bf000 JavaThread "http-nio-8080-exec-9" daemon [_thread_blocked, id=8732, stack(0x00007f7928f70000,0x00007f7929070000)]
  0x00007f79140c0800 JavaThread "http-nio-8080-exec-10" daemon [_thread_blocked, id=8733, stack(0x00007f792b4a2000,0x00007f792b5a2000)]
  0x00007f79140c5800 JavaThread "http-nio-8080-Poller" daemon [_thread_in_native, id=8734, stack(0x00007f790f200000,0x00007f790f300000)]
  0x00007f79140c7000 JavaThread "http-nio-8080-Acceptor" daemon [_thread_in_native, id=8735, stack(0x00007f790e200000,0x00007f790e300000)]

Other Threads:
  0x00007f796811e800 VMThread "VM Thread" [stack: 0x00007f796c006000,0x00007f796c106000] [id=3526]
  0x00007f79684ea800 WatcherThread [stack: 0x00007f792b5d2000,0x00007f792b6d2000] [id=3543]
  0x00007f7968032000 GCTaskThread "GC Thread#0" [stack: 0x00007f796ded2000,0x00007f796dfd2000] [id=3521]
  0x00007f7938001000 GCTaskThread "GC Thread#1" [stack: 0x00007f792b6d4000,0x00007f792b7d4000] [id=3542]
  0x00007f796804c800 ConcurrentGCThread "G1 Main Marker" [stack: 0x00007f796c6ec000,0x00007f796c7ec000] [id=3522]
  0x00007f796804e800 ConcurrentGCThread "G1 Conc#0" [stack: 0x00007f796c5ea000,0x00007f796c6ea000] [id=3523]
  0x00007f7968089800 ConcurrentGCThread "G1 Refine#0" [stack: 0x00007f796c2e6000,0x00007f796c3e6000] [id=3524]
  0x00007f796808b800 ConcurrentGCThread "G1 Young RemSet Sampling" [stack: 0x00007f796c1e4000,0x00007f796c2e4000] [id=3525]

Threads with active compile tasks:

VM state:not at safepoint (normal execution)

VM Mutex/Monitor currently owned by a thread: None

Heap address: 0x00000000c3a00000, size: 966 MB, Compressed Oops mode: 32-bit
Narrow klass base: 0x0000000800000000, Narrow klass shift: 3
Compressed class space size: 1073741824 Address: 0x0000000840000000

Heap:
 garbage-first heap   total 89088K, used 51818K [0x00000000c3a00000, 0x0000000100000000)
  region size 1024K, 25 young (25600K), 5 survivors (5120K)
 Metaspace       used 76665K, capacity 78890K, committed 79184K, reserved 1118208K
  class space    used 9263K, capacity 10127K, committed 10188K, reserved 1048576K
Heap Regions: E=young(eden), S=young(survivor), O=old, HS=humongous(starts), HC=humongous(continues), CS=collection set, F=free, A=archive, TAMS=top-at-mark-start (previous, next)
|   0|0x00000000c3a00000, 0x00000000c3b00000, 0x00000000c3b00000|100%|HS|  |TAMS 0x00000000c3a00000, 0x00000000c3a00000| Untracked 
|   1|0x00000000c3b00000, 0x00000000c3bfc1c0, 0x00000000c3c00000| 98%| O|  |TAMS 0x00000000c3b00000, 0x00000000c3b00000| Untracked 
|   2|0x00000000c3c00000, 0x00000000c3cfffd8, 0x00000000c3d00000| 99%| O|  |TAMS 0x00000000c3c00000, 0x00000000c3c00000| Untracked 
|   3|0x00000000c3d00000, 0x00000000c3dff618, 0x00000000c3e00000| 99%| O|  |TAMS 0x00000000c3d00000, 0x00000000c3d00000| Untracked 
|   4|0x00000000c3e00000, 0x00000000c3ef3968, 0x00000000c3f00000| 95%| O|  |TAMS 0x00000000c3e00000, 0x00000000c3e00000| Untracked 
|   5|0x00000000c3f00000, 0x00000000c3ffffb8, 0x00000000c4000000| 99%| O|  |TAMS 0x00000000c3f00000, 0x00000000c3f00000| Untracked 
|   6|0x00000000c4000000, 0x00000000c40fffe0, 0x00000000c4100000| 99%| O|  |TAMS 0x00000000c4000000, 0x00000000c4000000| Untracked 
|   7|0x00000000c4100000, 0x00000000c41fffa8, 0x00000000c4200000| 99%| O|  |TAMS 0x00000000c4100000, 0x00000000c4100000| Untracked 
|   8|0x00000000c4200000, 0x00000000c42fffa0, 0x00000000c4300000| 99%| O|  |TAMS 0x00000000c4200000, 0x00000000c4200000| Untracked 
|   9|0x00000000c4300000, 0x00000000c43ffff8, 0x00000000c4400000| 99%| O|  |TAMS 0x00000000c4300000, 0x00000000c4300000| Untracked 
|  10|0x00000000c4400000, 0x00000000c44ffff0, 0x00000000c4500000| 99%| O|  |TAMS 0x00000000c4400000, 0x00000000c4400000| Untracked 
|  11|0x00000000c4500000, 0x00000000c45ffff8, 0x00000000c4600000| 99%| O|  |TAMS 0x00000000c4500000, 0x00000000c4500000| Untracked 
|  12|0x00000000c4600000, 0x00000000c4681a60, 0x00000000c4700000| 50%| O|  |TAMS 0x00000000c4600000, 0x00000000c4600000| Untracked 
|  13|0x00000000c4700000, 0x00000000c4800000, 0x00000000c4800000|100%| O|  |TAMS 0x00000000c4700000, 0x00000000c4700000| Untracked 
|  14|0x00000000c4800000, 0x00000000c48fffe8, 0x00000000c4900000| 99%| O|  |TAMS 0x00000000c4800000, 0x00000000c4800000| Untracked 
|  15|0x00000000c4900000, 0x00000000c49ffff0, 0x00000000c4a00000| 99%| O|  |TAMS 0x00000000c4900000, 0x00000000c4900000| Untracked 
|  16|0x00000000c4a00000, 0x00000000c4afffc8, 0x00000000c4b00000| 99%| O|  |TAMS 0x00000000c4a00000, 0x00000000c4a00000| Untracked 
|  17|0x00000000c4b00000, 0x00000000c4bfe0a0, 0x00000000c4c00000| 99%| O|  |TAMS 0x00000000c4b00000, 0x00000000c4b00000| Untracked 
|  18|0x00000000c4c00000, 0x00000000c4cffff0, 0x00000000c4d00000| 99%| O|  |TAMS 0x00000000c4c00000, 0x00000000c4c00000| Untracked 
|  19|0x00000000c4d00000, 0x00000000c4e00000, 0x00000000c4e00000|100%| O|  |TAMS 0x00000000c4d00000, 0x00000000c4d00000| Untracked 
|  20|0x00000000c4e00000, 0x00000000c4effb78, 0x00000000c4f00000| 99%| O|  |TAMS 0x00000000c4e00000, 0x00000000c4e00000| Untracked 
|  21|0x00000000c4f00000, 0x00000000c5000000, 0x00000000c5000000|100%| O|  |TAMS 0x00000000c4f00000, 0x00000000c4f00000| Untracked 
|  22|0x00000000c5000000, 0x00000000c50ffc58, 0x00000000c5100000| 99%| O|  |TAMS 0x00000000c5000000, 0x00000000c5000000| Untracked 
|  23|0x00000000c5100000, 0x00000000c51ff1b0, 0x00000000c5200000| 99%| O|  |TAMS 0x00000000c5100000, 0x00000000c5100000| Untracked 
|  24|0x00000000c5200000, 0x00000000c52bfe00, 0x00000000c5300000| 74%| O|  |TAMS 0x00000000c5200000, 0x00000000c5200000| Untracked 
|  25|0x00000000c5300000, 0x00000000c5400000, 0x00000000c5400000|100%| O|  |TAMS 0x00000000c5300000, 0x00000000c5300000| Untracked 
|  26|0x00000000c5400000, 0x00000000c54f1e00, 0x00000000c5500000| 94%| O|  |TAMS 0x00000000c5400000, 0x00000000c5400000| Untracked 
|  27|0x00000000c5500000, 0x00000000c5500000, 0x00000000c5600000|  0%| F|  |TAMS 0x00000000c5500000, 0x00000000c5500000| Untracked 
|  28|0x00000000c5600000, 0x00000000c5600000, 0x00000000c5700000|  0%| F|  |TAMS 0x00000000c5600000, 0x00000000c5600000| Untracked 
|  29|0x00000000c5700000, 0x00000000c5700000, 0x00000000c5800000|  0%| F|  |TAMS 0x00000000c5700000, 0x00000000c5700000| Untracked 
|  30|0x00000000c5800000, 0x00000000c5800000, 0x00000000c5900000|  0%| F|  |TAMS 0x00000000c5800000, 0x00000000c5800000| Untracked 
|  31|0x00000000c5900000, 0x00000000c5900000, 0x00000000c5a00000|  0%| F|  |TAMS 0x00000000c5900000, 0x00000000c5900000| Untracked 
|  32|0x00000000c5a00000, 0x00000000c5a00000, 0x00000000c5b00000|  0%| F|  |TAMS 0x00000000c5a00000, 0x00000000c5a00000| Untracked 
|  33|0x00000000c5b00000, 0x00000000c5b00000, 0x00000000c5c00000|  0%| F|  |TAMS 0x00000000c5b00000, 0x00000000c5b00000| Untracked 
|  34|0x00000000c5c00000, 0x00000000c5c00000, 0x00000000c5d00000|  0%| F|  |TAMS 0x00000000c5c00000, 0x00000000c5c00000| Untracked 
|  35|0x00000000c5d00000, 0x00000000c5d00000, 0x00000000c5e00000|  0%| F|  |TAMS 0x00000000c5d00000, 0x00000000c5d00000| Untracked 
|  36|0x00000000c5e00000, 0x00000000c5e00000, 0x00000000c5f00000|  0%| F|  |TAMS 0x00000000c5e00000, 0x00000000c5e00000| Untracked 
|  37|0x00000000c5f00000, 0x00000000c5fc9bd0, 0x00000000c6000000| 78%| S|CS